This is XeTeX, Version 3.14159265-2.6-0.99992 (TeX Live 2015/Debian) (preloaded format=xelatex 2019.7.10)  10 JUL 2019 16:07
entering extended mode
 restricted \write18 enabled.
 %&-line parsing enabled.
**RoystonD_resume_1p.tex
(./RoystonD_resume_1p.tex
LaTeX2e <2016/02/01>
Babel <3.9q> and hyphenation patterns for 5 language(s) loaded.

! LaTeX Error: File `awesome-cv.cls' not found.

Type X to quit or <RETURN> to proceed,
or enter new name. (Default extension: cls)

Enter file name: 
! Emergency stop.
<read *> 
         
l.22 \definecolor
                 {hyperPink}{HTML}{B509AC}^^M
*** (cannot \read from terminal in nonstop modes)

 
Here is how much of TeX's memory you used:
 10 strings out of 495536
 166 string characters out of 6186181
 45739 words of memory out of 5000000
 3385 multiletter control sequences out of 15000+600000
 3640 words of font info for 14 fonts, out of 8000000 for 9000
 36 hyphenation exceptions out of 8191
 10i,0n,7p,105b,8s stack positions out of 5000i,500n,10000p,200000b,80000s
No pages of output.
